 
****************************************
Report : reference
Design : eda_regional_max
Version: P-2019.03-SP3
Date   : Sun Jan 29 14:39:37 2023
****************************************

Attributes:
    b - black box (unknown)
   bo - allows boundary optimization
    d - dont_touch
   mo - map_only
    h - hierarchical
    n - noncombinational
    r - removable
    s - synthetic operator
    u - contains unmapped logic

Reference          Library       Unit Area   Count    Total Area   Attributes
-----------------------------------------------------------------------------
dti_28hc_7t_30_and2hpx2
                   dti_stdcell_ssg_0p81v_neg40c
                                  0.686000      21     14.406000  
dti_28hc_7t_30_and2hpx4
                   dti_stdcell_ssg_0p81v_neg40c
                                  0.882000       4      3.528000  
dti_28hc_7t_30_and2x1
                   dti_stdcell_ssg_0p81v_neg40c
                                  0.392000      76     29.791999  
dti_28hc_7t_30_and2x2
                   dti_stdcell_ssg_0p81v_neg40c
                                  0.490000       3      1.470000  
dti_28hc_7t_30_and2x6
                   dti_stdcell_ssg_0p81v_neg40c
                                  1.078000       1      1.078000  
dti_28hc_7t_30_and2xp5
                   dti_stdcell_ssg_0p81v_neg40c
                                  0.392000       9      3.528000  
dti_28hc_7t_30_and2xp8
                   dti_stdcell_ssg_0p81v_neg40c
                                  0.392000       1      0.392000  
dti_28hc_7t_30_and2xp58
                   dti_stdcell_ssg_0p81v_neg40c
                                  0.392000       9      3.528000  
dti_28hc_7t_30_and2xp85
                   dti_stdcell_ssg_0p81v_neg40c
                                  0.392000       1      0.392000  
dti_28hc_7t_30_and3hpx2
                   dti_stdcell_ssg_0p81v_neg40c
                                  0.882000       2      1.764000  
dti_28hc_7t_30_and3x1
                   dti_stdcell_ssg_0p81v_neg40c
                                  0.490000       2      0.980000  
dti_28hc_7t_30_and3xp58
                   dti_stdcell_ssg_0p81v_neg40c
                                  0.490000       2      0.980000  
dti_28hc_7t_30_and4hpx2
                   dti_stdcell_ssg_0p81v_neg40c
                                  1.078000       1      1.078000  
dti_28hc_7t_30_and4x1
                   dti_stdcell_ssg_0p81v_neg40c
                                  0.588000       1      0.588000  
dti_28hc_7t_30_and4xp5
                   dti_stdcell_ssg_0p81v_neg40c
                                  0.588000       1      0.588000  
dti_28hc_7t_30_ao12xp5
                   dti_stdcell_ssg_0p81v_neg40c
                                  0.490000       1      0.490000  
dti_28hc_7t_30_ao13x1
                   dti_stdcell_ssg_0p81v_neg40c
                                  0.588000       1      0.588000  
dti_28hc_7t_30_ao13xp5
                   dti_stdcell_ssg_0p81v_neg40c
                                  0.588000       1      0.588000  
dti_28hc_7t_30_ao112x1
                   dti_stdcell_ssg_0p81v_neg40c
                                  0.588000       1      0.588000  
dti_28hc_7t_30_aoi12hpoptax4
                   dti_stdcell_ssg_0p81v_neg40c
                                  1.960000       1      1.960000  
dti_28hc_7t_30_aoi12hpx1
                   dti_stdcell_ssg_0p81v_neg40c
                                  0.588000       5      2.940000  
dti_28hc_7t_30_aoi12hpx2
                   dti_stdcell_ssg_0p81v_neg40c
                                  1.078000       6      6.468000  
dti_28hc_7t_30_aoi12hpx6
                   dti_stdcell_ssg_0p81v_neg40c
                                  2.940000       1      2.940000  
dti_28hc_7t_30_aoi12rehpx1
                   dti_stdcell_ssg_0p81v_neg40c
                                  0.588000       1      0.588000  
dti_28hc_7t_30_aoi12rehpx2
                   dti_stdcell_ssg_0p81v_neg40c
                                  1.078000       1      1.078000  
dti_28hc_7t_30_aoi12rex1
                   dti_stdcell_ssg_0p81v_neg40c
                                  0.392000      17      6.664000  
dti_28hc_7t_30_aoi12rex2
                   dti_stdcell_ssg_0p81v_neg40c
                                  0.686000       1      0.686000  
dti_28hc_7t_30_aoi12rexp5
                   dti_stdcell_ssg_0p81v_neg40c
                                  0.392000       2      0.784000  
dti_28hc_7t_30_aoi12rexp8
                   dti_stdcell_ssg_0p81v_neg40c
                                  0.392000       2      0.784000  
dti_28hc_7t_30_aoi12x1
                   dti_stdcell_ssg_0p81v_neg40c
                                  0.392000      24      9.408000  
dti_28hc_7t_30_aoi12x2
                   dti_stdcell_ssg_0p81v_neg40c
                                  0.686000       1      0.686000  
dti_28hc_7t_30_aoi12x6
                   dti_stdcell_ssg_0p81v_neg40c
                                  1.862000       1      1.862000  
dti_28hc_7t_30_aoi12xp5
                   dti_stdcell_ssg_0p81v_neg40c
                                  0.392000       7      2.744000  
dti_28hc_7t_30_aoi12xp8
                   dti_stdcell_ssg_0p81v_neg40c
                                  0.392000       1      0.392000  
dti_28hc_7t_30_aoi13rehpoptax2
                   dti_stdcell_ssg_0p81v_neg40c
                                  1.274000       1      1.274000  
dti_28hc_7t_30_aoi13rehpx1
                   dti_stdcell_ssg_0p81v_neg40c
                                  0.784000       1      0.784000  
dti_28hc_7t_30_aoi13rehpx2
                   dti_stdcell_ssg_0p81v_neg40c
                                  1.372000       2      2.744000  
dti_28hc_7t_30_aoi13rex1
                   dti_stdcell_ssg_0p81v_neg40c
                                  0.490000       3      1.470000  
dti_28hc_7t_30_aoi13rexp8
                   dti_stdcell_ssg_0p81v_neg40c
                                  0.490000       1      0.490000  
dti_28hc_7t_30_aoi13x1
                   dti_stdcell_ssg_0p81v_neg40c
                                  0.490000       1      0.490000  
dti_28hc_7t_30_aoi13x2
                   dti_stdcell_ssg_0p81v_neg40c
                                  0.882000       1      0.882000  
dti_28hc_7t_30_aoi13xp5
                   dti_stdcell_ssg_0p81v_neg40c
                                  0.490000       2      0.980000  
dti_28hc_7t_30_aoi22hplm2x4
                   dti_stdcell_ssg_0p81v_neg40c
                                  2.940000       7     20.580000  
dti_28hc_7t_30_aoi22hpoptax4
                   dti_stdcell_ssg_0p81v_neg40c
                                  2.646000       5     13.230000  
dti_28hc_7t_30_aoi22hpx1
                   dti_stdcell_ssg_0p81v_neg40c
                                  0.784000      69     54.095999  
dti_28hc_7t_30_aoi22hpx2
                   dti_stdcell_ssg_0p81v_neg40c
                                  1.470000       5      7.350000  
dti_28hc_7t_30_aoi22hpx4
                   dti_stdcell_ssg_0p81v_neg40c
                                  2.842000       4     11.368000  
dti_28hc_7t_30_aoi22rehpx1
                   dti_stdcell_ssg_0p81v_neg40c
                                  0.784000      15     11.760000  
dti_28hc_7t_30_aoi22rehpx2
                   dti_stdcell_ssg_0p81v_neg40c
                                  1.470000       3      4.410000  
dti_28hc_7t_30_aoi22rex1
                   dti_stdcell_ssg_0p81v_neg40c
                                  0.490000      94     46.060001  
dti_28hc_7t_30_aoi22rex2
                   dti_stdcell_ssg_0p81v_neg40c
                                  0.882000       4      3.528000  
dti_28hc_7t_30_aoi22rex4
                   dti_stdcell_ssg_0p81v_neg40c
                                  1.666000       1      1.666000  
dti_28hc_7t_30_aoi22rex6
                   dti_stdcell_ssg_0p81v_neg40c
                                  2.450000       2      4.900000  
dti_28hc_7t_30_aoi22rexp5
                   dti_stdcell_ssg_0p81v_neg40c
                                  0.490000       4      1.960000  
dti_28hc_7t_30_aoi22rexp8
                   dti_stdcell_ssg_0p81v_neg40c
                                  0.490000       1      0.490000  
dti_28hc_7t_30_aoi22x1
                   dti_stdcell_ssg_0p81v_neg40c
                                  0.490000     327    160.230003  
dti_28hc_7t_30_aoi22x2
                   dti_stdcell_ssg_0p81v_neg40c
                                  0.882000      22     19.404001  
dti_28hc_7t_30_aoi22x3
                   dti_stdcell_ssg_0p81v_neg40c
                                  1.274000      52     66.248003  
dti_28hc_7t_30_aoi22x4
                   dti_stdcell_ssg_0p81v_neg40c
                                  1.666000       1      1.666000  
dti_28hc_7t_30_aoi22x6
                   dti_stdcell_ssg_0p81v_neg40c
                                  2.450000       5     12.250000  
dti_28hc_7t_30_aoi22xp5
                   dti_stdcell_ssg_0p81v_neg40c
                                  0.490000      25     12.250000  
dti_28hc_7t_30_aoi22xp8
                   dti_stdcell_ssg_0p81v_neg40c
                                  0.490000       9      4.410000  
dti_28hc_7t_30_aoi112rex1
                   dti_stdcell_ssg_0p81v_neg40c
                                  0.490000       1      0.490000  
dti_28hc_7t_30_bufmhzx6
                   dti_stdcell_ssg_0p81v_neg40c
                                  0.882000      12     10.584000  
dti_28hc_7t_30_bufmhzx14
                   dti_stdcell_ssg_0p81v_neg40c
                                  1.862000       1      1.862000  
dti_28hc_7t_30_bufmhzx22
                   dti_stdcell_ssg_0p81v_neg40c
                                  2.842000       1      2.842000  
dti_28hc_7t_30_bufmhzx28
                   dti_stdcell_ssg_0p81v_neg40c
                                  3.528000       1      3.528000  
dti_28hc_7t_30_bufmhzx32
                   dti_stdcell_ssg_0p81v_neg40c
                                  4.018000       1      4.018000  
dti_28hc_7t_30_bufmhzx40
                   dti_stdcell_ssg_0p81v_neg40c
                                  4.998000       1      4.998000  
dti_28hc_7t_30_bufmhzx44
                   dti_stdcell_ssg_0p81v_neg40c
                                  5.488000       1      5.488000  
dti_28hc_7t_30_bufshzx36
                   dti_stdcell_ssg_0p81v_neg40c
                                  4.508000       1      4.508000  
dti_28hc_7t_30_bufx1
                   dti_stdcell_ssg_0p81v_neg40c
                                  0.294000       8      2.352000  
dti_28hc_7t_30_bufx1p5
                   dti_stdcell_ssg_0p81v_neg40c
                                  0.294000       3      0.882000  
dti_28hc_7t_30_bufx2
                   dti_stdcell_ssg_0p81v_neg40c
                                  0.392000       4      1.568000  
dti_28hc_7t_30_bufx3
                   dti_stdcell_ssg_0p81v_neg40c
                                  0.490000       1      0.490000  
dti_28hc_7t_30_bufx4
                   dti_stdcell_ssg_0p81v_neg40c
                                  0.588000       1      0.588000  
dti_28hc_7t_30_bufx6
                   dti_stdcell_ssg_0p81v_neg40c
                                  0.882000       1      0.882000  
dti_28hc_7t_30_bufx16
                   dti_stdcell_ssg_0p81v_neg40c
                                  2.058000       2      4.116000  
dti_28hc_7t_30_bufxp11
                   dti_stdcell_ssg_0p81v_neg40c
                                  0.294000       1      0.294000  
dti_28hc_7t_30_fadderox1
                   dti_stdcell_ssg_0p81v_neg40c
                                  2.156000       1      2.156000  r
dti_28hc_7t_30_fadderox2
                   dti_stdcell_ssg_0p81v_neg40c
                                  2.254000       1      2.254000  r
dti_28hc_7t_30_ffqa01lpax1
                   dti_stdcell_ssg_0p81v_neg40c
                                  2.058000       5     10.290000  n
dti_28hc_7t_30_ffqa01lpax2
                   dti_stdcell_ssg_0p81v_neg40c
                                  2.156000       8     17.247999  n
dti_28hc_7t_30_ffqa01lpax4
                   dti_stdcell_ssg_0p81v_neg40c
                                  2.548000       4     10.192000  n
dti_28hc_7t_30_ffqa01x4
                   dti_stdcell_ssg_0p81v_neg40c
                                  2.744000       4     10.976000  n
dti_28hc_7t_30_ffqbcka01fox1
                   dti_stdcell_ssg_0p81v_neg40c
                                  2.058000       2      4.116000  n
dti_28hc_7t_30_ffqbcka01fox2
                   dti_stdcell_ssg_0p81v_neg40c
                                  2.156000       6     12.935999  n
dti_28hc_7t_30_ffqbcka01fox4
                   dti_stdcell_ssg_0p81v_neg40c
                                  2.352000       3      7.056000  n
dti_28hc_7t_30_ffqbcka01fsux1
                   dti_stdcell_ssg_0p81v_neg40c
                                  2.058000       2      4.116000  n
dti_28hc_7t_30_ffqbcka01fsux2
                   dti_stdcell_ssg_0p81v_neg40c
                                  2.058000       2      4.116000  n
dti_28hc_7t_30_ffqbcka01fsux4
                   dti_stdcell_ssg_0p81v_neg40c
                                  2.254000       6     13.524000  n
dti_28hc_7t_30_ffqbcka01x1
                   dti_stdcell_ssg_0p81v_neg40c
                                  1.862000      44     81.927999  n
dti_28hc_7t_30_ffqbcka01x2
                   dti_stdcell_ssg_0p81v_neg40c
                                  1.862000      39     72.618000  n
dti_28hc_7t_30_ffqbcka01x4
                   dti_stdcell_ssg_0p81v_neg40c
                                  2.058000       1      2.058000  n
dti_28hc_7t_30_ffqbcka10lpax1
                   dti_stdcell_ssg_0p81v_neg40c
                                  1.764000      37     65.268002  n
dti_28hc_7t_30_ffqbcka10xp5
                   dti_stdcell_ssg_0p81v_neg40c
                                  1.764000       2      3.528000  n
dti_28hc_7t_30_ffqbckena01fsux1
                   dti_stdcell_ssg_0p81v_neg40c
                                  2.646000       1      2.646000  n
dti_28hc_7t_30_ffqbckena01x1
                   dti_stdcell_ssg_0p81v_neg40c
                                  2.352000      14     32.928000  n
dti_28hc_7t_30_ffqbckena01xp5
                   dti_stdcell_ssg_0p81v_neg40c
                                  2.254000      69    155.525996  n
dti_28hc_7t_30_ffqbckenfsux1
                   dti_stdcell_ssg_0p81v_neg40c
                                  2.352000      26     61.152000  n
dti_28hc_7t_30_ffqbckfsux1
                   dti_stdcell_ssg_0p81v_neg40c
                                  1.764000      24     42.336001  n
dti_28hc_7t_30_ffqbckfsux2
                   dti_stdcell_ssg_0p81v_neg40c
                                  1.764000       6     10.584000  n
dti_28hc_7t_30_ffqbckfsux4
                   dti_stdcell_ssg_0p81v_neg40c
                                  1.960000     174    341.040007  n
dti_28hc_7t_30_ffqbckx1
                   dti_stdcell_ssg_0p81v_neg40c
                                  1.568000       3      4.704000  n
dti_28hc_7t_30_ffqbckx2
                   dti_stdcell_ssg_0p81v_neg40c
                                  1.568000       3      4.704000  n
dti_28hc_7t_30_ffqbckx4
                   dti_stdcell_ssg_0p81v_neg40c
                                  1.764000       6     10.584000  n
dti_28hc_7t_30_ffqbckxp5
                   dti_stdcell_ssg_0p81v_neg40c
                                  1.470000       8     11.760000  n
dti_28hc_7t_30_ffqblcka01xp5
                   dti_stdcell_ssg_0p81v_neg40c
                                  1.764000     117    206.388007  n
dti_28hc_7t_30_ffqenbcka01lpax1
                   dti_stdcell_ssg_0p81v_neg40c
                                  2.352000      36     84.672000  n
dti_28hc_7t_30_ffqnbckena10xp5
                   dti_stdcell_ssg_0p81v_neg40c
                                  2.548000       1      2.548000  n
dti_28hc_7t_30_ffqnhpa01lpax1
                   dti_stdcell_ssg_0p81v_neg40c
                                  3.234000       1      3.234000  n
dti_28hc_7t_30_ffqnhpa10lpax8
                   dti_stdcell_ssg_0p81v_neg40c
                                  4.018000       1      4.018000  n
dti_28hc_7t_30_ffqnhshpa01lpax3
                   dti_stdcell_ssg_0p81v_neg40c
                                  4.410000       8     35.279999  n
dti_28hc_7t_30_ffqnhshpa10lpax1
                   dti_stdcell_ssg_0p81v_neg40c
                                  3.822000       3     11.466000  n
dti_28hc_7t_30_ffqnhshpa10lpax3
                   dti_stdcell_ssg_0p81v_neg40c
                                  4.508000       1      4.508000  n
dti_28hc_7t_30_ffqnhshpa10x1
                   dti_stdcell_ssg_0p81v_neg40c
                                  4.018000       1      4.018000  n
dti_28hc_7t_30_ffqnhshpa10x4
                   dti_stdcell_ssg_0p81v_neg40c
                                  5.586000       1      5.586000  n
dti_28hc_7t_30_ffqnubcka10x1
                   dti_stdcell_ssg_0p81v_neg40c
                                  1.666000       1      1.666000  n
dti_28hc_7t_30_ffqqnbcka10x1
                   dti_stdcell_ssg_0p81v_neg40c
                                  2.254000       1      2.254000  n
dti_28hc_7t_30_ffqqnbcka10x4
                   dti_stdcell_ssg_0p81v_neg40c
                                  2.744000       1      2.744000  n
dti_28hc_7t_30_ffqqnbckx1
                   dti_stdcell_ssg_0p81v_neg40c
                                  2.156000       1      2.156000  n
dti_28hc_7t_30_ffqqnbckx2
                   dti_stdcell_ssg_0p81v_neg40c
                                  2.254000       2      4.508000  n
dti_28hc_7t_30_ffqqnbckx4
                   dti_stdcell_ssg_0p81v_neg40c
                                  2.646000      20     52.919998  n
dti_28hc_7t_30_ffqqnbckxp5
                   dti_stdcell_ssg_0p81v_neg40c
                                  1.568000       2      3.136000  n
dti_28hc_7t_30_ffqqnhshpa01lpax1
                   dti_stdcell_ssg_0p81v_neg40c
                                  3.822000      16     61.152000  n
dti_28hc_7t_30_ffqqnhshpa01lpax2
                   dti_stdcell_ssg_0p81v_neg40c
                                  3.920000      11     43.120001  n
dti_28hc_7t_30_ffqqnhshpa01lpax3
                   dti_stdcell_ssg_0p81v_neg40c
                                  4.606000       6     27.636000  n
dti_28hc_7t_30_ffqqnhshpa01x2
                   dti_stdcell_ssg_0p81v_neg40c
                                  4.116000       5     20.580001  n
dti_28hc_7t_30_ffqqnhshpa01x3
                   dti_stdcell_ssg_0p81v_neg40c
                                  4.802000       2      9.604000  n
dti_28hc_7t_30_ffqqnhshpa01x4
                   dti_stdcell_ssg_0p81v_neg40c
                                  6.076000      16     97.216003  n
dti_28hc_7t_30_ffqqnhshpa01x8
                   dti_stdcell_ssg_0p81v_neg40c
                                  6.958000      12     83.496002  n
dti_28hc_7t_30_ffqqnhshpa10x8
                   dti_stdcell_ssg_0p81v_neg40c
                                  6.958000       2     13.916000  n
dti_28hc_7t_30_ffqqnhshplpax3
                   dti_stdcell_ssg_0p81v_neg40c
                                  4.018000       1      4.018000  n
dti_28hc_7t_30_ffqqnhshpx8
                   dti_stdcell_ssg_0p81v_neg40c
                                  6.272000       1      6.272000  n
dti_28hc_7t_30_iao12x1
                   dti_stdcell_ssg_0p81v_neg40c
                                  0.490000       5      2.450000  
dti_28hc_7t_30_iao22x1
                   dti_stdcell_ssg_0p81v_neg40c
                                  0.686000       5      3.430000  
dti_28hc_7t_30_iao22x2
                   dti_stdcell_ssg_0p81v_neg40c
                                  0.980000       5      4.900000  
dti_28hc_7t_30_iao22x4
                   dti_stdcell_ssg_0p81v_neg40c
                                  1.568000       4      6.272000  
dti_28hc_7t_30_iao22xp8
                   dti_stdcell_ssg_0p81v_neg40c
                                  0.686000       1      0.686000  
dti_28hc_7t_30_invmhzx8
                   dti_stdcell_ssg_0p81v_neg40c
                                  0.882000       3      2.646000  
dti_28hc_7t_30_invmhzx10
                   dti_stdcell_ssg_0p81v_neg40c
                                  1.078000       2      2.156000  
dti_28hc_7t_30_invmhzx12
                   dti_stdcell_ssg_0p81v_neg40c
                                  1.274000       4      5.096000  
dti_28hc_7t_30_invmhzx16
                   dti_stdcell_ssg_0p81v_neg40c
                                  1.666000       1      1.666000  
dti_28hc_7t_30_invmhzx18
                   dti_stdcell_ssg_0p81v_neg40c
                                  1.862000       1      1.862000  
dti_28hc_7t_30_invmhzx20
                   dti_stdcell_ssg_0p81v_neg40c
                                  2.058000       1      2.058000  
dti_28hc_7t_30_invmhzx32
                   dti_stdcell_ssg_0p81v_neg40c
                                  3.234000       1      3.234000  
dti_28hc_7t_30_invmhzx40
                   dti_stdcell_ssg_0p81v_neg40c
                                  4.018000       1      4.018000  
dti_28hc_7t_30_invshzx6
                   dti_stdcell_ssg_0p81v_neg40c
                                  0.686000      14      9.604000  
dti_28hc_7t_30_invshzx8
                   dti_stdcell_ssg_0p81v_neg40c
                                  0.882000       8      7.056000  
dti_28hc_7t_30_invshzx12
                   dti_stdcell_ssg_0p81v_neg40c
                                  1.274000       1      1.274000  
dti_28hc_7t_30_invshzx14
                   dti_stdcell_ssg_0p81v_neg40c
                                  1.470000       1      1.470000  
dti_28hc_7t_30_invx1
                   dti_stdcell_ssg_0p81v_neg40c
                                  0.196000     650    127.399997  
dti_28hc_7t_30_invx2
                   dti_stdcell_ssg_0p81v_neg40c
                                  0.294000      81     23.814000  
dti_28hc_7t_30_invx3
                   dti_stdcell_ssg_0p81v_neg40c
                                  0.392000      30     11.760000  
dti_28hc_7t_30_invx4
                   dti_stdcell_ssg_0p81v_neg40c
                                  0.490000      21     10.290000  
dti_28hc_7t_30_invx6
                   dti_stdcell_ssg_0p81v_neg40c
                                  0.686000       8      5.488000  
dti_28hc_7t_30_invx10
                   dti_stdcell_ssg_0p81v_neg40c
                                  1.078000       3      3.234000  
dti_28hc_7t_30_invx12
                   dti_stdcell_ssg_0p81v_neg40c
                                  1.274000       1      1.274000  
dti_28hc_7t_30_invx14
                   dti_stdcell_ssg_0p81v_neg40c
                                  1.470000       2      2.940000  
dti_28hc_7t_30_invxp5
                   dti_stdcell_ssg_0p81v_neg40c
                                  0.196000     112     21.951999  
dti_28hc_7t_30_invxp6
                   dti_stdcell_ssg_0p81v_neg40c
                                  0.196000       5      0.980000  
dti_28hc_7t_30_invxp8
                   dti_stdcell_ssg_0p81v_neg40c
                                  0.196000       4      0.784000  
dti_28hc_7t_30_invxp9
                   dti_stdcell_ssg_0p81v_neg40c
                                  0.196000       6      1.176000  
dti_28hc_7t_30_ioa12hpx1
                   dti_stdcell_ssg_0p81v_neg40c
                                  0.490000      49     24.010000  
dti_28hc_7t_30_ioa12hpx2
                   dti_stdcell_ssg_0p81v_neg40c
                                  0.882000       9      7.938000  
dti_28hc_7t_30_ioa12hpx4
                   dti_stdcell_ssg_0p81v_neg40c
                                  1.274000       6      7.644000  
dti_28hc_7t_30_ioa12lm2x8
                   dti_stdcell_ssg_0p81v_neg40c
                                  2.254000       1      2.254000  
dti_28hc_7t_30_ioa12x2
                   dti_stdcell_ssg_0p81v_neg40c
                                  0.686000       1      0.686000  
dti_28hc_7t_30_ioa12xp5
                   dti_stdcell_ssg_0p81v_neg40c
                                  0.490000      12      5.880000  
dti_28hc_7t_30_ioa13hpx1
                   dti_stdcell_ssg_0p81v_neg40c
                                  0.588000       8      4.704000  
dti_28hc_7t_30_ioa13x1
                   dti_stdcell_ssg_0p81v_neg40c
                                  0.588000       2      1.176000  
dti_28hc_7t_30_ioa13x2
                   dti_stdcell_ssg_0p81v_neg40c
                                  0.784000       1      0.784000  
dti_28hc_7t_30_ioa13xp5
                   dti_stdcell_ssg_0p81v_neg40c
                                  0.588000       3      1.764000  
dti_28hc_7t_30_ioa13xp8
                   dti_stdcell_ssg_0p81v_neg40c
                                  0.588000       1      0.588000  
dti_28hc_7t_30_ioa22xp5
                   dti_stdcell_ssg_0p81v_neg40c
                                  0.686000       7      4.802000  
dti_28hc_7t_30_mux21optax1
                   dti_stdcell_ssg_0p81v_neg40c
                                  0.784000       2      1.568000  
dti_28hc_7t_30_muxi21optax4
                   dti_stdcell_ssg_0p81v_neg40c
                                  1.372000       4      5.488000  
dti_28hc_7t_30_muxi21optax8
                   dti_stdcell_ssg_0p81v_neg40c
                                  2.450000       1      2.450000  
dti_28hc_7t_30_muxi21x1
                   dti_stdcell_ssg_0p81v_neg40c
                                  0.686000     258    176.987997  
dti_28hc_7t_30_muxi21x2
                   dti_stdcell_ssg_0p81v_neg40c
                                  1.078000      41     44.197998  
dti_28hc_7t_30_muxi21x4
                   dti_stdcell_ssg_0p81v_neg40c
                                  1.862000       1      1.862000  
dti_28hc_7t_30_muxi21xp5
                   dti_stdcell_ssg_0p81v_neg40c
                                  0.686000     182    124.851998  
dti_28hc_7t_30_nand2hpoptax6
                   dti_stdcell_ssg_0p81v_neg40c
                                  2.058000       5     10.290000  
dti_28hc_7t_30_nand2hpx1
                   dti_stdcell_ssg_0p81v_neg40c
                                  0.490000       5      2.450000  
dti_28hc_7t_30_nand2hpx2
                   dti_stdcell_ssg_0p81v_neg40c
                                  0.882000       5      4.410000  
dti_28hc_7t_30_nand2hpx4
                   dti_stdcell_ssg_0p81v_neg40c
                                  1.470000       7     10.290000  
dti_28hc_7t_30_nand2i1x1
                   dti_stdcell_ssg_0p81v_neg40c
                                  0.392000      24      9.408000  
dti_28hc_7t_30_nand2i1x2
                   dti_stdcell_ssg_0p81v_neg40c
                                  0.588000       9      5.292000  
dti_28hc_7t_30_nand2i1xp5
                   dti_stdcell_ssg_0p81v_neg40c
                                  0.392000       9      3.528000  
dti_28hc_7t_30_nand2i1xp8
                   dti_stdcell_ssg_0p81v_neg40c
                                  0.392000       3      1.176000  
dti_28hc_7t_30_nand2mhzx6
                   dti_stdcell_ssg_0p81v_neg40c
                                  1.274000       3      3.822000  
dti_28hc_7t_30_nand2mhzx8
                   dti_stdcell_ssg_0p81v_neg40c
                                  1.666000       2      3.332000  
dti_28hc_7t_30_nand2mhzx10
                   dti_stdcell_ssg_0p81v_neg40c
                                  2.058000       2      4.116000  
dti_28hc_7t_30_nand2mhzx32
                   dti_stdcell_ssg_0p81v_neg40c
                                  6.370000       1      6.370000  
dti_28hc_7t_30_nand2pmhzx6
                   dti_stdcell_ssg_0p81v_neg40c
                                  1.666000       2      3.332000  
dti_28hc_7t_30_nand2pmhzx8
                   dti_stdcell_ssg_0p81v_neg40c
                                  2.156000       1      2.156000  
dti_28hc_7t_30_nand2pshzx6
                   dti_stdcell_ssg_0p81v_neg40c
                                  1.666000       1      1.666000  
dti_28hc_7t_30_nand2pshzx8
                   dti_stdcell_ssg_0p81v_neg40c
                                  2.156000       2      4.312000  
dti_28hc_7t_30_nand2pshzx10
                   dti_stdcell_ssg_0p81v_neg40c
                                  2.646000       1      2.646000  
dti_28hc_7t_30_nand2px1
                   dti_stdcell_ssg_0p81v_neg40c
                                  0.392000      22      8.624000  
dti_28hc_7t_30_nand2px2
                   dti_stdcell_ssg_0p81v_neg40c
                                  0.686000      42     28.812000  
dti_28hc_7t_30_nand2px4
                   dti_stdcell_ssg_0p81v_neg40c
                                  1.176000      22     25.872000  
dti_28hc_7t_30_nand2px8
                   dti_stdcell_ssg_0p81v_neg40c
                                  2.156000       1      2.156000  
dti_28hc_7t_30_nand2shzx8
                   dti_stdcell_ssg_0p81v_neg40c
                                  1.666000       3      4.998000  
dti_28hc_7t_30_nand2shzx12
                   dti_stdcell_ssg_0p81v_neg40c
                                  2.450000       1      2.450000  
dti_28hc_7t_30_nand2shzx16
                   dti_stdcell_ssg_0p81v_neg40c
                                  3.234000       1      3.234000  
dti_28hc_7t_30_nand2x1
                   dti_stdcell_ssg_0p81v_neg40c
                                  0.294000     598    175.812000  
dti_28hc_7t_30_nand2x2
                   dti_stdcell_ssg_0p81v_neg40c
                                  0.490000     107     52.430001  
dti_28hc_7t_30_nand2x3
                   dti_stdcell_ssg_0p81v_neg40c
                                  0.686000      22     15.092000  
dti_28hc_7t_30_nand2x4
                   dti_stdcell_ssg_0p81v_neg40c
                                  0.882000      23     20.286001  
dti_28hc_7t_30_nand2x6
                   dti_stdcell_ssg_0p81v_neg40c
                                  1.274000       1      1.274000  
dti_28hc_7t_30_nand2xp5
                   dti_stdcell_ssg_0p81v_neg40c
                                  0.294000      61     17.934000  
dti_28hc_7t_30_nand2xp8
                   dti_stdcell_ssg_0p81v_neg40c
                                  0.294000      37     10.878000  
dti_28hc_7t_30_nand3hpx1
                   dti_stdcell_ssg_0p81v_neg40c
                                  0.588000      35     20.580000  
dti_28hc_7t_30_nand3hpx2
                   dti_stdcell_ssg_0p81v_neg40c
                                  1.078000       8      8.624000  
dti_28hc_7t_30_nand3i1x1
                   dti_stdcell_ssg_0p81v_neg40c
                                  0.490000       5      2.450000  
dti_28hc_7t_30_nand3i1x2
                   dti_stdcell_ssg_0p81v_neg40c
                                  0.784000       3      2.352000  
dti_28hc_7t_30_nand3i1x4
                   dti_stdcell_ssg_0p81v_neg40c
                                  1.372000       1      1.372000  
dti_28hc_7t_30_nand3i1xp5
                   dti_stdcell_ssg_0p81v_neg40c
                                  0.490000       2      0.980000  
dti_28hc_7t_30_nand3i2xp8
                   dti_stdcell_ssg_0p81v_neg40c
                                  0.686000       1      0.686000  
dti_28hc_7t_30_nand3plm2x4
                   dti_stdcell_ssg_0p81v_neg40c
                                  1.862000       3      5.586000  
dti_28hc_7t_30_nand3pmhzoptax6
                   dti_stdcell_ssg_0p81v_neg40c
                                  2.450000       2      4.900000  
dti_28hc_7t_30_nand3poptax6
                   dti_stdcell_ssg_0p81v_neg40c
                                  2.450000       3      7.350000  
dti_28hc_7t_30_nand3pshzoptax8
                   dti_stdcell_ssg_0p81v_neg40c
                                  3.136000       3      9.408000  
dti_28hc_7t_30_nand3px1
                   dti_stdcell_ssg_0p81v_neg40c
                                  0.588000       4      2.352000  
dti_28hc_7t_30_nand3px2
                   dti_stdcell_ssg_0p81v_neg40c
                                  0.980000      19     18.620000  
dti_28hc_7t_30_nand3px4
                   dti_stdcell_ssg_0p81v_neg40c
                                  1.764000       8     14.112000  
dti_28hc_7t_30_nand3x1
                   dti_stdcell_ssg_0p81v_neg40c
                                  0.392000      34     13.328000  
dti_28hc_7t_30_nand3x2
                   dti_stdcell_ssg_0p81v_neg40c
                                  0.686000      45     30.870000  
dti_28hc_7t_30_nand3x3
                   dti_stdcell_ssg_0p81v_neg40c
                                  0.980000       1      0.980000  
dti_28hc_7t_30_nand3xp5
                   dti_stdcell_ssg_0p81v_neg40c
                                  0.392000      15      5.880000  
dti_28hc_7t_30_nand4i1x1
                   dti_stdcell_ssg_0p81v_neg40c
                                  0.588000       5      2.940000  
dti_28hc_7t_30_nand4plm2x2
                   dti_stdcell_ssg_0p81v_neg40c
                                  1.568000       1      1.568000  
dti_28hc_7t_30_nand4poptax8
                   dti_stdcell_ssg_0p81v_neg40c
                                  4.704000       5     23.520000  
dti_28hc_7t_30_nand4px1
                   dti_stdcell_ssg_0p81v_neg40c
                                  0.784000     110     86.239998  
dti_28hc_7t_30_nand4px2
                   dti_stdcell_ssg_0p81v_neg40c
                                  1.470000      55     80.850002  
dti_28hc_7t_30_nand4px4
                   dti_stdcell_ssg_0p81v_neg40c
                                  2.548000       6     15.288001  
dti_28hc_7t_30_nand4x1
                   dti_stdcell_ssg_0p81v_neg40c
                                  0.490000      12      5.880000  
dti_28hc_7t_30_nand4xp5
                   dti_stdcell_ssg_0p81v_neg40c
                                  0.490000       8      3.920000  
dti_28hc_7t_30_nand4xp8
                   dti_stdcell_ssg_0p81v_neg40c
                                  0.490000       1      0.490000  
dti_28hc_7t_30_nor2hpmhzoptax8
                   dti_stdcell_ssg_0p81v_neg40c
                                  2.646000       1      2.646000  
dti_28hc_7t_30_nor2hpoptax6
                   dti_stdcell_ssg_0p81v_neg40c
                                  2.058000       8     16.464001  
dti_28hc_7t_30_nor2hpx1
                   dti_stdcell_ssg_0p81v_neg40c
                                  0.490000       8      3.920000  
dti_28hc_7t_30_nor2hpx2
                   dti_stdcell_ssg_0p81v_neg40c
                                  0.882000       5      4.410000  
dti_28hc_7t_30_nor2hpx4
                   dti_stdcell_ssg_0p81v_neg40c
                                  1.470000       5      7.350000  
dti_28hc_7t_30_nor2i1plm2x2
                   dti_stdcell_ssg_0p81v_neg40c
                                  0.882000       2      1.764000  
dti_28hc_7t_30_nor2i1poptax6
                   dti_stdcell_ssg_0p81v_neg40c
                                  1.862000       1      1.862000  
dti_28hc_7t_30_nor2i1poptax10
                   dti_stdcell_ssg_0p81v_neg40c
                                  2.940000       2      5.880000  
dti_28hc_7t_30_nor2i1px2
                   dti_stdcell_ssg_0p81v_neg40c
                                  0.784000       2      1.568000  
dti_28hc_7t_30_nor2i1px4
                   dti_stdcell_ssg_0p81v_neg40c
                                  1.274000       1      1.274000  
dti_28hc_7t_30_nor2i1x1
                   dti_stdcell_ssg_0p81v_neg40c
                                  0.392000      30     11.760000  
dti_28hc_7t_30_nor2i1x2
                   dti_stdcell_ssg_0p81v_neg40c
                                  0.588000       7      4.116000  
dti_28hc_7t_30_nor2i1xp5
                   dti_stdcell_ssg_0p81v_neg40c
                                  0.392000       1      0.392000  
dti_28hc_7t_30_nor2pmhzx6
                   dti_stdcell_ssg_0p81v_neg40c
                                  1.666000       2      3.332000  
dti_28hc_7t_30_nor2pmhzx12
                   dti_stdcell_ssg_0p81v_neg40c
                                  3.136000       1      3.136000  
dti_28hc_7t_30_nor2pshzx14
                   dti_stdcell_ssg_0p81v_neg40c
                                  3.626000       1      3.626000  
dti_28hc_7t_30_nor2px1
                   dti_stdcell_ssg_0p81v_neg40c
                                  0.392000      16      6.272000  
dti_28hc_7t_30_nor2px2
                   dti_stdcell_ssg_0p81v_neg40c
                                  0.686000      46     31.556000  
dti_28hc_7t_30_nor2px4
                   dti_stdcell_ssg_0p81v_neg40c
                                  1.176000      17     19.992000  
dti_28hc_7t_30_nor2px6
                   dti_stdcell_ssg_0p81v_neg40c
                                  1.666000       6      9.996000  
dti_28hc_7t_30_nor2px8
                   dti_stdcell_ssg_0p81v_neg40c
                                  2.156000       1      2.156000  
dti_28hc_7t_30_nor2shzx6
                   dti_stdcell_ssg_0p81v_neg40c
                                  1.274000       1      1.274000  
dti_28hc_7t_30_nor2shzx8
                   dti_stdcell_ssg_0p81v_neg40c
                                  1.666000       1      1.666000  
dti_28hc_7t_30_nor2shzx10
                   dti_stdcell_ssg_0p81v_neg40c
                                  2.058000       2      4.116000  
dti_28hc_7t_30_nor2shzx20
                   dti_stdcell_ssg_0p81v_neg40c
                                  4.018000       1      4.018000  
dti_28hc_7t_30_nor2x1
                   dti_stdcell_ssg_0p81v_neg40c
                                  0.294000     172     50.568000  
dti_28hc_7t_30_nor2x2
                   dti_stdcell_ssg_0p81v_neg40c
                                  0.490000      11      5.390000  
dti_28hc_7t_30_nor2x3
                   dti_stdcell_ssg_0p81v_neg40c
                                  0.686000      10      6.860000  
dti_28hc_7t_30_nor2x4
                   dti_stdcell_ssg_0p81v_neg40c
                                  0.882000       1      0.882000  
dti_28hc_7t_30_nor2xp5
                   dti_stdcell_ssg_0p81v_neg40c
                                  0.294000      17      4.998000  
dti_28hc_7t_30_nor2xp8
                   dti_stdcell_ssg_0p81v_neg40c
                                  0.294000       3      0.882000  
dti_28hc_7t_30_nor3hpx1
                   dti_stdcell_ssg_0p81v_neg40c
                                  0.588000       1      0.588000  
dti_28hc_7t_30_nor3i1px2
                   dti_stdcell_ssg_0p81v_neg40c
                                  1.176000       1      1.176000  
dti_28hc_7t_30_nor3i1x1
                   dti_stdcell_ssg_0p81v_neg40c
                                  0.490000      12      5.880000  
dti_28hc_7t_30_nor3pmhzoptax6
                   dti_stdcell_ssg_0p81v_neg40c
                                  2.450000       6     14.700000  
dti_28hc_7t_30_nor3pmhzoptax8
                   dti_stdcell_ssg_0p81v_neg40c
                                  3.136000       3      9.408000  
dti_28hc_7t_30_nor3pmhzoptax10
                   dti_stdcell_ssg_0p81v_neg40c
                                  3.920000       2      7.840000  
dti_28hc_7t_30_nor3px1
                   dti_stdcell_ssg_0p81v_neg40c
                                  0.588000       5      2.940000  
dti_28hc_7t_30_nor3px2
                   dti_stdcell_ssg_0p81v_neg40c
                                  0.980000       6      5.880000  
dti_28hc_7t_30_nor3px4
                   dti_stdcell_ssg_0p81v_neg40c
                                  1.764000       4      7.056000  
dti_28hc_7t_30_nor3x1
                   dti_stdcell_ssg_0p81v_neg40c
                                  0.392000      27     10.584000  
dti_28hc_7t_30_nor3x2
                   dti_stdcell_ssg_0p81v_neg40c
                                  0.686000       3      2.058000  
dti_28hc_7t_30_nor3xp5
                   dti_stdcell_ssg_0p81v_neg40c
                                  0.392000       2      0.784000  
dti_28hc_7t_30_oa12x1
                   dti_stdcell_ssg_0p81v_neg40c
                                  0.490000       2      0.980000  
dti_28hc_7t_30_oa12x2
                   dti_stdcell_ssg_0p81v_neg40c
                                  0.588000       1      0.588000  
dti_28hc_7t_30_oa22x1
                   dti_stdcell_ssg_0p81v_neg40c
                                  0.686000       1      0.686000  
dti_28hc_7t_30_oai12hpx2
                   dti_stdcell_ssg_0p81v_neg40c
                                  1.078000       1      1.078000  
dti_28hc_7t_30_oai12rehplm2x2
                   dti_stdcell_ssg_0p81v_neg40c
                                  1.176000       4      4.704000  
dti_28hc_7t_30_oai12rehpoptax4
                   dti_stdcell_ssg_0p81v_neg40c
                                  1.862000       4      7.448000  
dti_28hc_7t_30_oai12rehpx1
                   dti_stdcell_ssg_0p81v_neg40c
                                  0.588000       4      2.352000  
dti_28hc_7t_30_oai12rehpx6
                   dti_stdcell_ssg_0p81v_neg40c
                                  2.744000       1      2.744000  
dti_28hc_7t_30_oai12relm2x6
                   dti_stdcell_ssg_0p81v_neg40c
                                  1.960000       2      3.920000  
dti_28hc_7t_30_oai12relm2x12
                   dti_stdcell_ssg_0p81v_neg40c
                                  3.724000       2      7.448000  
dti_28hc_7t_30_oai12rex1
                   dti_stdcell_ssg_0p81v_neg40c
                                  0.392000      19      7.448000  
dti_28hc_7t_30_oai12rex2
                   dti_stdcell_ssg_0p81v_neg40c
                                  0.686000       1      0.686000  
dti_28hc_7t_30_oai12rex6
                   dti_stdcell_ssg_0p81v_neg40c
                                  1.862000       1      1.862000  
dti_28hc_7t_30_oai12rexp5
                   dti_stdcell_ssg_0p81v_neg40c
                                  0.392000       3      1.176000  
dti_28hc_7t_30_oai12x1
                   dti_stdcell_ssg_0p81v_neg40c
                                  0.392000      12      4.704000  
dti_28hc_7t_30_oai12x2
                   dti_stdcell_ssg_0p81v_neg40c
                                  0.686000       2      1.372000  
dti_28hc_7t_30_oai12x3
                   dti_stdcell_ssg_0p81v_neg40c
                                  0.980000       1      0.980000  
dti_28hc_7t_30_oai12xp5
                   dti_stdcell_ssg_0p81v_neg40c
                                  0.392000       4      1.568000  
dti_28hc_7t_30_oai13rehpoptax6
                   dti_stdcell_ssg_0p81v_neg40c
                                  3.332000       1      3.332000  
dti_28hc_7t_30_oai13rehpx1
                   dti_stdcell_ssg_0p81v_neg40c
                                  0.784000       1      0.784000  
dti_28hc_7t_30_oai13rehpx2
                   dti_stdcell_ssg_0p81v_neg40c
                                  1.372000       1      1.372000  
dti_28hc_7t_30_oai13rehpx4
                   dti_stdcell_ssg_0p81v_neg40c
                                  2.646000       1      2.646000  
dti_28hc_7t_30_oai13rehpx6
                   dti_stdcell_ssg_0p81v_neg40c
                                  3.920000       1      3.920000  
dti_28hc_7t_30_oai13rex1
                   dti_stdcell_ssg_0p81v_neg40c
                                  0.490000       1      0.490000  
dti_28hc_7t_30_oai13rexp5
                   dti_stdcell_ssg_0p81v_neg40c
                                  0.490000       1      0.490000  
dti_28hc_7t_30_oai13x1
                   dti_stdcell_ssg_0p81v_neg40c
                                  0.490000       1      0.490000  
dti_28hc_7t_30_oai22hpx1
                   dti_stdcell_ssg_0p81v_neg40c
                                  0.784000       1      0.784000  
dti_28hc_7t_30_oai22lm2x6
                   dti_stdcell_ssg_0p81v_neg40c
                                  2.548000       3      7.644000  
dti_28hc_7t_30_oai22rehpoptax4
                   dti_stdcell_ssg_0p81v_neg40c
                                  2.646000       1      2.646000  
dti_28hc_7t_30_oai22rex1
                   dti_stdcell_ssg_0p81v_neg40c
                                  0.490000       2      0.980000  
dti_28hc_7t_30_oai22rexp5
                   dti_stdcell_ssg_0p81v_neg40c
                                  0.490000       2      0.980000  
dti_28hc_7t_30_oai22rexp8
                   dti_stdcell_ssg_0p81v_neg40c
                                  0.490000       1      0.490000  
dti_28hc_7t_30_oai22x1
                   dti_stdcell_ssg_0p81v_neg40c
                                  0.490000       7      3.430000  
dti_28hc_7t_30_oai22xp5
                   dti_stdcell_ssg_0p81v_neg40c
                                  0.490000       7      3.430000  
dti_28hc_7t_30_oai22xp8
                   dti_stdcell_ssg_0p81v_neg40c
                                  0.490000       2      0.980000  
dti_28hc_7t_30_oai112hpx2
                   dti_stdcell_ssg_0p81v_neg40c
                                  1.372000       5      6.860000  
dti_28hc_7t_30_oai112rex1
                   dti_stdcell_ssg_0p81v_neg40c
                                  0.490000      39     19.110000  
dti_28hc_7t_30_oai112rex2
                   dti_stdcell_ssg_0p81v_neg40c
                                  0.882000       4      3.528000  
dti_28hc_7t_30_oai112rex6
                   dti_stdcell_ssg_0p81v_neg40c
                                  2.450000       1      2.450000  
dti_28hc_7t_30_oai112x1
                   dti_stdcell_ssg_0p81v_neg40c
                                  0.490000      10      4.900000  
dti_28hc_7t_30_oai112x2
                   dti_stdcell_ssg_0p81v_neg40c
                                  0.882000       1      0.882000  
dti_28hc_7t_30_oai112x3
                   dti_stdcell_ssg_0p81v_neg40c
                                  1.274000       1      1.274000  
dti_28hc_7t_30_oai112xp5
                   dti_stdcell_ssg_0p81v_neg40c
                                  0.490000       5      2.450000  
dti_28hc_7t_30_or2hpx2
                   dti_stdcell_ssg_0p81v_neg40c
                                  0.686000      13      8.918000  
dti_28hc_7t_30_or2hpx4
                   dti_stdcell_ssg_0p81v_neg40c
                                  0.882000       2      1.764000  
dti_28hc_7t_30_or2hpx8
                   dti_stdcell_ssg_0p81v_neg40c
                                  1.666000       1      1.666000  
dti_28hc_7t_30_or2x1
                   dti_stdcell_ssg_0p81v_neg40c
                                  0.392000      73     28.615999  
dti_28hc_7t_30_or2x2
                   dti_stdcell_ssg_0p81v_neg40c
                                  0.490000       5      2.450000  
dti_28hc_7t_30_or2xp5
                   dti_stdcell_ssg_0p81v_neg40c
                                  0.392000       3      1.176000  
dti_28hc_7t_30_or2xp58
                   dti_stdcell_ssg_0p81v_neg40c
                                  0.392000       3      1.176000  
dti_28hc_7t_30_or2xp85
                   dti_stdcell_ssg_0p81v_neg40c
                                  0.392000       1      0.392000  
dti_28hc_7t_30_or3x1
                   dti_stdcell_ssg_0p81v_neg40c
                                  0.490000       2      0.980000  
dti_28hc_7t_30_or3xp5
                   dti_stdcell_ssg_0p81v_neg40c
                                  0.490000       1      0.490000  
dti_28hc_7t_30_or3xp8
                   dti_stdcell_ssg_0p81v_neg40c
                                  0.490000       1      0.490000  
dti_28hc_7t_30_or3xp85
                   dti_stdcell_ssg_0p81v_neg40c
                                  0.490000       1      0.490000  
dti_28hc_7t_30_or4x1
                   dti_stdcell_ssg_0p81v_neg40c
                                  0.588000       1      0.588000  
dti_28hc_7t_30_tiehix1
                   dti_stdcell_ssg_0p81v_neg40c
                                  0.294000       1      0.294000  
dti_28hc_7t_30_xnor2bx1
                   dti_stdcell_ssg_0p81v_neg40c
                                  0.784000      23     18.032000  
dti_28hc_7t_30_xnor2bx2
                   dti_stdcell_ssg_0p81v_neg40c
                                  1.176000       1      1.176000  
dti_28hc_7t_30_xnor2bxp5
                   dti_stdcell_ssg_0p81v_neg40c
                                  0.784000       4      3.136000  
dti_28hc_7t_30_xnor2optax4
                   dti_stdcell_ssg_0p81v_neg40c
                                  1.078000      32     34.495998  
dti_28hc_7t_30_xnor2x1
                   dti_stdcell_ssg_0p81v_neg40c
                                  0.882000       5      4.410000  
dti_28hc_7t_30_xnor2x2
                   dti_stdcell_ssg_0p81v_neg40c
                                  0.980000       2      1.960000  
dti_28hc_7t_30_xor2bx1
                   dti_stdcell_ssg_0p81v_neg40c
                                  0.784000      27     21.167999  
dti_28hc_7t_30_xor2bx2
                   dti_stdcell_ssg_0p81v_neg40c
                                  1.176000      16     18.816000  
dti_28hc_7t_30_xor2bxp5
                   dti_stdcell_ssg_0p81v_neg40c
                                  0.784000       8      6.272000  
dti_28hc_7t_30_xor2x2
                   dti_stdcell_ssg_0p81v_neg40c
                                  0.980000       1      0.980000  
dti_28hc_7t_30_xor2x4
                   dti_stdcell_ssg_0p81v_neg40c
                                  1.176000       1      1.176000  
-----------------------------------------------------------------------------
Total 351 references                                 4515.644011
1
